app/build/intermediates/manifest_merge_blame_file/debug/manifest-merger-blame-debug-report.txt
1<?xml version="1.0" encoding="utf-8"?>
2<manifest xmlns:android="http://schemas.android.com/apk/res/android"
3    package="com.sqisland.android.espresso.hello"
4    android:versionCode="1"
5    android:versionName="1.0.0" >
6
7    <uses-sdk
8        android:minSdkVersion="19"
8-->src\main\AndroidManifest.xml
9        android:targetSdkVersion="29" />
9-->src\main\AndroidManifest.xml
10
11    <application
11-->src\main\AndroidManifest.xml:4:3-18:17
12        android:appComponentFactory="androidx.core.app.CoreComponentFactory"
12-->[androidx.core:core:1.1.0] AndroidManifest.xml:24:18-86
13        android:debuggable="true"
14        android:icon="@mipmap/ic_launcher"
14-->src\main\AndroidManifest.xml:6:7-41
15        android:label="@string/app_name"
15-->src\main\AndroidManifest.xml:5:7-39
16        android:theme="@style/AppTheme" >
16-->src\main\AndroidManifest.xml:7:7-38
17        <activity
17-->src\main\AndroidManifest.xml:9:5-16:16
18            android:name="com.sqisland.android.espresso.hello.MainActivity"
18-->src\main\AndroidManifest.xml:10:9-37
19            android:label="@string/app_name" >
19-->src\main\AndroidManifest.xml:11:9-41
20            <intent-filter>
20-->src\main\AndroidManifest.xml:12:7-15:23
21                <action android:name="android.intent.action.MAIN" />
21-->src\main\AndroidManifest.xml:13:9-60
21-->src\main\AndroidManifest.xml:13:17-58
22
23                <category android:name="android.intent.category.LAUNCHER" />
23-->src\main\AndroidManifest.xml:14:9-68
23-->src\main\AndroidManifest.xml:14:19-66
24            </intent-filter>
25        </activity>
26    </application>
27
28</manifest>